2025-12-02 22:43:18 [INFO] Starting Sinden Lightgun and Arduino setup...
2025-12-02 22:43:18 [INFO] Writing base udev rules to /etc/udev/rules.d/49-sinden.rules...
2025-12-02 22:43:18 [INFO] Scanning for connected USB devices...
2025-12-02 22:43:18 [INFO] Checking USB device VID:1d6b PID:0002 - Description: 'xHCI Host Controller'
2025-12-02 22:43:19 [INFO] Checking USB device VID:2109 PID:3431 - Description: 'USB2.0 Hub'
2025-12-02 22:43:19 [INFO] Checking USB device VID:1d6b PID:0003 - Description: 'xHCI Host Controller'
2025-12-02 22:43:19 [INFO] Reloading udev rules...
2025-12-02 22:43:19 [INFO] Udev setup complete.
2025-12-02 22:43:22 [INFO] Launching PS2/LightgunMono.exe...
2025-12-02 22:43:22 Copyright Sinden Technology 2020.
2025-12-02 22:43:22 Version 1.9
2025-12-02 22:43:22 Only for use with offical Sinden Lightguns.
2025-12-02 22:43:22 Number of Sinden Lightguns Found 0
2025-12-02 22:43:26 Error please connect Sinden Lightgun.E1
2025-12-02 22:43:26 Exit
2025-12-02 22:43:26 
2025-12-02 22:43:26 Close App
2025-12-02 22:43:26 
2025-12-02 22:43:26 [INFO] Launching PS2/LightgunMono.exe...
2025-12-02 22:43:26 Copyright Sinden Technology 2020.
2025-12-02 22:43:26 Version 1.9
2025-12-02 22:43:26 Only for use with offical Sinden Lightguns.
2025-12-02 22:43:26 Number of Sinden Lightguns Found 0
2025-12-02 22:43:30 Error please connect Sinden Lightgun.E1
2025-12-02 22:43:30 Exit
2025-12-02 22:43:30 
2025-12-02 22:43:30 Close App
2025-12-02 22:43:30 
2025-12-02 22:43:30 [INFO] Launching PS2/LightgunMono.exe...
2025-12-02 22:43:30 Copyright Sinden Technology 2020.
2025-12-02 22:43:30 Version 1.9
2025-12-02 22:43:30 Only for use with offical Sinden Lightguns.
2025-12-02 22:43:30 Number of Sinden Lightguns Found 0
2025-12-02 22:43:33 Error please connect Sinden Lightgun.E1
2025-12-02 22:43:33 Exit
2025-12-02 22:43:33 
2025-12-02 22:43:33 Close App
2025-12-02 22:43:33 
2025-12-02 22:43:33 [INFO] Launching PS2/LightgunMono.exe...
2025-12-02 22:43:34 Copyright Sinden Technology 2020.
2025-12-02 22:43:34 Version 1.9
2025-12-02 22:43:34 Only for use with offical Sinden Lightguns.
2025-12-02 22:43:34 Number of Sinden Lightguns Found 0
2025-12-02 22:43:37 Error please connect Sinden Lightgun.E1
2025-12-02 22:43:37 Exit
2025-12-02 22:43:37 
2025-12-02 22:43:37 Close App
2025-12-02 22:43:37 
2025-12-02 22:43:37 [INFO] Launching PS2/LightgunMono.exe...
2025-12-02 22:43:37 Copyright Sinden Technology 2020.
2025-12-02 22:43:37 Version 1.9
2025-12-02 22:43:37 Only for use with offical Sinden Lightguns.
2025-12-02 22:43:38 Number of Sinden Lightguns Found 0
2025-12-02 22:43:41 Error please connect Sinden Lightgun.E1
2025-12-02 22:43:41 Exit
2025-12-02 22:43:41 
2025-12-02 22:43:41 Close App
2025-12-02 22:43:41 
2025-12-02 22:43:41 [INFO] Launching PS2/LightgunMono.exe...
2025-12-02 22:43:41 Copyright Sinden Technology 2020.
2025-12-02 22:43:41 Version 1.9
2025-12-02 22:43:41 Only for use with offical Sinden Lightguns.
2025-12-02 22:43:41 Number of Sinden Lightguns Found 0
2025-12-02 22:43:45 Error please connect Sinden Lightgun.E1
2025-12-02 22:43:45 Exit
2025-12-02 22:43:45 
2025-12-02 22:43:45 Close App
2025-12-02 22:43:45 
2025-12-02 22:43:45 [INFO] Launching PS2/LightgunMono.exe...
2025-12-02 22:43:45 Copyright Sinden Technology 2020.
2025-12-02 22:43:45 Version 1.9
2025-12-02 22:43:45 Only for use with offical Sinden Lightguns.
2025-12-02 22:43:45 Number of Sinden Lightguns Found 0
2025-12-03 19:18:00 Error please connect Sinden Lightgun.E1
2025-12-03 19:18:00 Exit
2025-12-03 19:18:00 
2025-12-03 19:18:00 Close App
2025-12-03 19:18:00 
2025-12-03 19:18:00 [INFO] Launching PS2/LightgunMono.exe...
2025-12-03 19:18:00 Copyright Sinden Technology 2020.
2025-12-03 19:18:00 Version 1.9
2025-12-03 19:18:00 Only for use with offical Sinden Lightguns.
2025-12-03 19:18:00 Number of Sinden Lightguns Found 0
2025-12-03 19:18:04 Error please connect Sinden Lightgun.E1
2025-12-03 19:18:04 Exit
2025-12-03 19:18:04 
2025-12-03 19:18:04 Close App
2025-12-03 19:18:04 
2025-12-03 19:18:04 [INFO] Launching PS2/LightgunMono.exe...
2025-12-03 19:18:04 Copyright Sinden Technology 2020.
2025-12-03 19:18:04 Version 1.9
2025-12-03 19:18:04 Only for use with offical Sinden Lightguns.
2025-12-03 19:18:04 Number of Sinden Lightguns Found 0
2025-12-03 19:18:07 Error please connect Sinden Lightgun.E1
2025-12-03 19:18:07 Exit
2025-12-03 19:18:07 
2025-12-03 19:18:07 Close App
2025-12-03 19:18:07 
2025-12-03 19:18:07 [INFO] Launching PS2/LightgunMono.exe...
2025-12-03 19:18:08 Copyright Sinden Technology 2020.
2025-12-03 19:18:08 Version 1.9
2025-12-03 19:18:08 Only for use with offical Sinden Lightguns.
2025-12-03 19:18:08 Number of Sinden Lightguns Found 0
2025-12-03 19:18:11 Error please connect Sinden Lightgun.E1
2025-12-03 19:18:11 Exit
2025-12-03 19:18:11 
2025-12-03 19:18:11 Close App
2025-12-03 19:18:11 
2025-12-03 19:18:11 [INFO] Launching PS2/LightgunMono.exe...
2025-12-03 19:18:11 Copyright Sinden Technology 2020.
2025-12-03 19:18:11 Version 1.9
2025-12-03 19:18:11 Only for use with offical Sinden Lightguns.
2025-12-03 19:18:12 Number of Sinden Lightguns Found 0
2025-12-03 19:18:15 Error please connect Sinden Lightgun.E1
2025-12-03 19:18:15 Exit
2025-12-03 19:18:15 
2025-12-03 19:18:15 Close App
2025-12-03 19:18:15 
2025-12-03 19:18:15 [INFO] Launching PS2/LightgunMono.exe...
2025-12-03 19:18:15 Copyright Sinden Technology 2020.
2025-12-03 19:18:15 Version 1.9
2025-12-03 19:18:15 Only for use with offical Sinden Lightguns.
2025-12-03 19:18:15 Number of Sinden Lightguns Found 0
2025-12-03 19:18:18 Error please connect Sinden Lightgun.E1
2025-12-03 19:18:18 Exit
2025-12-03 19:18:18 
2025-12-03 19:18:18 Close App
2025-12-03 19:18:18 
2025-12-03 19:18:18 [INFO] Launching PS2/LightgunMono.exe...
2025-12-03 19:18:19 Copyright Sinden Technology 2020.
2025-12-03 19:18:19 Version 1.9
2025-12-03 19:18:19 Only for use with offical Sinden Lightguns.
2025-12-03 19:18:19 Number of Sinden Lightguns Found 0
2025-12-03 19:18:22 Error please connect Sinden Lightgun.E1
2025-12-03 19:18:22 Exit
2025-12-03 19:18:22 
2025-12-03 19:18:22 Close App
2025-12-03 19:18:22 
2025-12-03 19:18:22 [INFO] Launching PS2/LightgunMono.exe...
2025-12-03 19:18:22 Copyright Sinden Technology 2020.
2025-12-03 19:18:22 Version 1.9
2025-12-03 19:18:22 Only for use with offical Sinden Lightguns.
2025-12-03 19:18:23 Number of Sinden Lightguns Found 0
2025-12-03 19:18:26 Error please connect Sinden Lightgun.E1
2025-12-03 19:18:26 Exit
2025-12-03 19:18:26 
2025-12-03 19:18:26 Close App
2025-12-03 19:18:26 
2025-12-03 19:18:26 [INFO] Launching PS2/LightgunMono.exe...
2025-12-03 19:18:26 Copyright Sinden Technology 2020.
2025-12-03 19:18:26 Version 1.9
2025-12-03 19:18:26 Only for use with offical Sinden Lightguns.
2025-12-03 19:18:26 Number of Sinden Lightguns Found 0
2025-12-03 19:18:30 Error please connect Sinden Lightgun.E1
2025-12-03 19:18:30 Exit
2025-12-03 19:18:30 
2025-12-03 19:18:30 Close App
2025-12-03 19:18:30 
2025-12-03 19:18:30 [INFO] Launching PS2/LightgunMono.exe...
2025-12-03 19:18:30 Copyright Sinden Technology 2020.
2025-12-03 19:18:30 Version 1.9
2025-12-03 19:18:30 Only for use with offical Sinden Lightguns.
2025-12-03 19:18:30 Number of Sinden Lightguns Found 0
2025-12-03 19:18:33 Error please connect Sinden Lightgun.E1
2025-12-03 19:18:33 Exit
2025-12-03 19:18:33 
2025-12-03 19:18:33 Close App
2025-12-03 19:18:33 
2025-12-03 19:18:33 [INFO] Launching PS2/LightgunMono.exe...
2025-12-03 19:18:34 Copyright Sinden Technology 2020.
2025-12-03 19:18:34 Version 1.9
2025-12-03 19:18:34 Only for use with offical Sinden Lightguns.
2025-12-03 19:18:34 Number of Sinden Lightguns Found 0
2025-12-03 19:18:37 Error please connect Sinden Lightgun.E1
2025-12-03 19:18:37 Exit
2025-12-03 19:18:37 
2025-12-03 19:18:37 Close App
2025-12-03 19:18:37 
2025-12-03 19:18:37 [INFO] Launching PS2/LightgunMono.exe...
2025-12-03 19:18:37 Copyright Sinden Technology 2020.
2025-12-03 19:18:37 Version 1.9
2025-12-03 19:18:37 Only for use with offical Sinden Lightguns.
2025-12-03 19:18:37 Number of Sinden Lightguns Found 0
2025-12-03 19:18:41 Error please connect Sinden Lightgun.E1
2025-12-03 19:18:41 Exit
2025-12-03 19:18:41 
2025-12-03 19:18:41 Close App
2025-12-03 19:18:41 
2025-12-03 19:18:41 [INFO] Launching PS2/LightgunMono.exe...
2025-12-03 19:18:41 Copyright Sinden Technology 2020.
2025-12-03 19:18:41 Version 1.9
2025-12-03 19:18:41 Only for use with offical Sinden Lightguns.
2025-12-03 19:18:41 Number of Sinden Lightguns Found 0
2025-12-03 19:18:45 Error please connect Sinden Lightgun.E1
2025-12-03 19:18:45 Exit
2025-12-03 19:18:45 
2025-12-03 19:18:45 Close App
2025-12-03 19:18:45 
2025-12-03 19:18:45 [INFO] Launching PS2/LightgunMono.exe...
2025-12-03 19:18:45 Copyright Sinden Technology 2020.
2025-12-03 19:18:45 Version 1.9
2025-12-03 19:18:45 Only for use with offical Sinden Lightguns.
2025-12-03 19:18:45 Number of Sinden Lightguns Found 0
2025-12-03 19:18:48 Error please connect Sinden Lightgun.E1
2025-12-03 19:18:48 Exit
2025-12-03 19:18:48 
2025-12-03 19:18:48 Close App
2025-12-03 19:18:48 
2025-12-03 19:18:48 [INFO] Launching PS2/LightgunMono.exe...
2025-12-03 19:18:49 Copyright Sinden Technology 2020.
2025-12-03 19:18:49 Version 1.9
2025-12-03 19:18:49 Only for use with offical Sinden Lightguns.
2025-12-03 19:18:49 Number of Sinden Lightguns Found 0
2025-12-03 19:18:52 Error please connect Sinden Lightgun.E1
2025-12-03 19:18:52 Exit
2025-12-03 19:18:52 
2025-12-03 19:18:52 Close App
2025-12-03 19:18:52 
2025-12-03 19:18:52 [INFO] Launching PS2/LightgunMono.exe...
2025-12-03 19:18:52 Copyright Sinden Technology 2020.
2025-12-03 19:18:52 Version 1.9
2025-12-03 19:18:52 Only for use with offical Sinden Lightguns.
2025-12-03 19:18:52 Number of Sinden Lightguns Found 0
2025-12-03 19:18:56 Error please connect Sinden Lightgun.E1
2025-12-03 19:18:56 Exit
2025-12-03 19:18:56 
2025-12-03 19:18:56 Close App
2025-12-03 19:18:56 
2025-12-03 19:18:56 [INFO] Launching PS2/LightgunMono.exe...
2025-12-03 19:18:56 Copyright Sinden Technology 2020.
2025-12-03 19:18:56 Version 1.9
2025-12-03 19:18:56 Only for use with offical Sinden Lightguns.
2025-12-03 19:18:56 Number of Sinden Lightguns Found 0
2025-12-03 19:19:00 Error please connect Sinden Lightgun.E1
2025-12-03 19:19:00 Exit
2025-12-03 19:19:00 
2025-12-03 19:19:00 Close App
2025-12-03 19:19:00 
2025-12-03 19:19:00 [INFO] Launching PS2/LightgunMono.exe...
2025-12-03 19:19:00 Copyright Sinden Technology 2020.
2025-12-03 19:19:00 Version 1.9
2025-12-03 19:19:00 Only for use with offical Sinden Lightguns.
2025-12-03 19:19:00 Number of Sinden Lightguns Found 0
2025-12-03 19:19:03 Error please connect Sinden Lightgun.E1
2025-12-03 19:19:03 Exit
2025-12-03 19:19:03 
2025-12-03 19:19:03 Close App
2025-12-03 19:19:03 
2025-12-03 19:19:03 [INFO] Launching PS2/LightgunMono.exe...
2025-12-03 19:19:03 Copyright Sinden Technology 2020.
2025-12-03 19:19:03 Version 1.9
2025-12-03 19:19:04 Only for use with offical Sinden Lightguns.
2025-12-03 19:19:04 Number of Sinden Lightguns Found 0
2025-12-03 19:19:07 Error please connect Sinden Lightgun.E1
2025-12-03 19:19:07 Exit
2025-12-03 19:19:07 
2025-12-03 19:19:07 Close App
2025-12-03 19:19:07 
2025-12-03 19:19:07 [INFO] Launching PS2/LightgunMono.exe...
2025-12-03 19:19:07 Copyright Sinden Technology 2020.
2025-12-03 19:19:07 Version 1.9
2025-12-03 19:19:07 Only for use with offical Sinden Lightguns.
2025-12-03 19:19:07 Number of Sinden Lightguns Found 0
2025-12-03 19:19:11 Error please connect Sinden Lightgun.E1
2025-12-03 19:19:11 Exit
2025-12-03 19:19:11 
2025-12-03 19:19:11 Close App
2025-12-03 19:19:11 
2025-12-03 19:19:11 [INFO] Launching PS2/LightgunMono.exe...
2025-12-03 19:19:11 Copyright Sinden Technology 2020.
2025-12-03 19:19:11 Version 1.9
2025-12-03 19:19:11 Only for use with offical Sinden Lightguns.
2025-12-03 19:19:11 Number of Sinden Lightguns Found 0
2025-12-03 19:19:15 Error please connect Sinden Lightgun.E1
2025-12-03 19:19:15 Exit
2025-12-03 19:19:15 
2025-12-03 19:19:15 Close App
2025-12-03 19:19:15 
2025-12-03 19:19:15 [INFO] Launching PS2/LightgunMono.exe...
2025-12-03 19:19:15 Copyright Sinden Technology 2020.
2025-12-03 19:19:15 Version 1.9
2025-12-03 19:19:15 Only for use with offical Sinden Lightguns.
2025-12-03 19:19:15 Number of Sinden Lightguns Found 0
2025-12-03 19:19:18 Error please connect Sinden Lightgun.E1
2025-12-03 19:19:18 Exit
2025-12-03 19:19:18 
2025-12-03 19:19:18 Close App
2025-12-03 19:19:18 
2025-12-03 19:19:18 [INFO] Launching PS2/LightgunMono.exe...
2025-12-03 19:19:18 Copyright Sinden Technology 2020.
2025-12-03 19:19:18 Version 1.9
2025-12-03 19:19:18 Only for use with offical Sinden Lightguns.
2025-12-03 19:19:19 Number of Sinden Lightguns Found 0
2025-12-03 19:19:22 Error please connect Sinden Lightgun.E1
2025-12-03 19:19:22 Exit
2025-12-03 19:19:22 
2025-12-03 19:19:22 Close App
2025-12-03 19:19:22 
2025-12-03 19:19:22 [INFO] Launching PS2/LightgunMono.exe...
2025-12-03 19:19:22 Copyright Sinden Technology 2020.
2025-12-03 19:19:22 Version 1.9
2025-12-03 19:19:22 Only for use with offical Sinden Lightguns.
2025-12-03 19:19:22 Number of Sinden Lightguns Found 0
